=== 2025-11-10T16:10:52+09:00 auto-sync start ===
Fetching origin
[master 3a25fcd2] chore: auto-sync 2025-11-10T16:10:54+09:00
 1 file changed, 2 insertions(+)
 create mode 100644 .logs/auto_sync_2025-11-10.log
Local ahead → push
To github.com:Flight2Moon/Flight2Moon.github.io.git
   5d5eab81..3a25fcd2  master -> master
=== 2025-11-10T16:10:56+09:00 auto-sync done ===
=== 2025-11-10T16:11:41+09:00 auto-sync start ===
Fetching origin
[master 239564ed] chore: auto-sync 2025-11-10T16:11:43+09:00
 2 files changed, 10 insertions(+), 1 deletion(-)
Local ahead → push
To github.com:Flight2Moon/Flight2Moon.github.io.git
   3a25fcd2..239564ed  master -> master
=== 2025-11-10T16:11:45+09:00 auto-sync done ===
++ date -Is
+ echo '=== 2025-11-10T16:13:17+09:00 auto-sync start ==='
=== 2025-11-10T16:13:17+09:00 auto-sync start ===
+ cd ./Flight2Moon.github.io
+ git config pull.rebase true
+ git config rebase.autoStash true
+ git fetch --all --prune
Fetching origin
+ git diff --quiet
+ git add -A
++ date -Is
+ git commit -m 'chore: auto-sync 2025-11-10T16:13:19+09:00'
[master 744f06ff] chore: auto-sync 2025-11-10T16:13:19+09:00
 1 file changed, 16 insertions(+)
+ git rev-parse --verify --quiet 'master@{upstream}'
++ git rev-parse master
+ LOCAL=744f06ff53b8b73c77eceea844a3578a09fc66f3
++ git rev-parse 'master@{upstream}'
+ REMOTE=239564ed3671cd3465595e58cd94a83a61c2a330
++ git merge-base master 'master@{upstream}'
+ BASE=239564ed3671cd3465595e58cd94a83a61c2a330
+ '[' -n 239564ed3671cd3465595e58cd94a83a61c2a330 ']'
+ '[' 744f06ff53b8b73c77eceea844a3578a09fc66f3 = 239564ed3671cd3465595e58cd94a83a61c2a330 ']'
+ '[' 744f06ff53b8b73c77eceea844a3578a09fc66f3 = 239564ed3671cd3465595e58cd94a83a61c2a330 ']'
+ '[' 239564ed3671cd3465595e58cd94a83a61c2a330 = 239564ed3671cd3465595e58cd94a83a61c2a330 ']'
+ echo 'Local ahead → push'
Local ahead → push
+ git push origin master
To github.com:Flight2Moon/Flight2Moon.github.io.git
   239564ed..744f06ff  master -> master
++ date -Is
+ echo '=== 2025-11-10T16:13:22+09:00 auto-sync done ==='
=== 2025-11-10T16:13:22+09:00 auto-sync done ===
++ date -Is
+ echo '=== 2025-11-10T16:16:00+09:00 auto-sync start ==='
=== 2025-11-10T16:16:00+09:00 auto-sync start ===
+ cd /home/jihoney/workdir/assist_workdir/github_blog/Flight2Moon.github.io
+ git config pull.rebase true
+ git config rebase.autoStash true
+ git fetch --all --prune
Fetching origin
+ git diff --quiet
+ git add -A
++ date -Is
+ git commit -m 'chore: auto-sync 2025-11-10T16:16:02+09:00'
[master 923ce99b] chore: auto-sync 2025-11-10T16:16:02+09:00
 1 file changed, 33 insertions(+)
+ git rev-parse --verify --quiet 'master@{upstream}'
++ git rev-parse master
+ LOCAL=923ce99b3fe3bd19cdbbc8445d59858f27a286d4
++ git rev-parse 'master@{upstream}'
+ REMOTE=744f06ff53b8b73c77eceea844a3578a09fc66f3
++ git merge-base master 'master@{upstream}'
+ BASE=744f06ff53b8b73c77eceea844a3578a09fc66f3
+ '[' -n 744f06ff53b8b73c77eceea844a3578a09fc66f3 ']'
+ '[' 923ce99b3fe3bd19cdbbc8445d59858f27a286d4 = 744f06ff53b8b73c77eceea844a3578a09fc66f3 ']'
+ '[' 923ce99b3fe3bd19cdbbc8445d59858f27a286d4 = 744f06ff53b8b73c77eceea844a3578a09fc66f3 ']'
+ '[' 744f06ff53b8b73c77eceea844a3578a09fc66f3 = 744f06ff53b8b73c77eceea844a3578a09fc66f3 ']'
+ echo 'Ahead → push'
Ahead → push
+ git push origin master
To github.com:Flight2Moon/Flight2Moon.github.io.git
   744f06ff..923ce99b  master -> master
++ date -Is
+ echo '=== 2025-11-10T16:16:05+09:00 auto-sync done ==='
=== 2025-11-10T16:16:05+09:00 auto-sync done ===
++ date -Is
+ echo '=== 2025-11-10T16:16:46+09:00 auto-sync start ==='
=== 2025-11-10T16:16:46+09:00 auto-sync start ===
+ cd /home/jihoney/workdir/assist_workdir/github_blog/Flight2Moon.github.io
+ git config pull.rebase true
+ git config rebase.autoStash true
+ git fetch --all --prune
Fetching origin
+ git diff --quiet
+ git add -A
++ date -Is
+ git commit -m 'chore: auto-sync 2025-11-10T16:16:48+09:00'
[master d78157ad] chore: auto-sync 2025-11-10T16:16:48+09:00
 1 file changed, 33 insertions(+)
+ git rev-parse --verify --quiet 'master@{upstream}'
++ git rev-parse master
+ LOCAL=d78157ade362e94c5ec69d8155a3e0aef9c48694
++ git rev-parse 'master@{upstream}'
+ REMOTE=923ce99b3fe3bd19cdbbc8445d59858f27a286d4
++ git merge-base master 'master@{upstream}'
+ BASE=923ce99b3fe3bd19cdbbc8445d59858f27a286d4
+ '[' -n 923ce99b3fe3bd19cdbbc8445d59858f27a286d4 ']'
+ '[' d78157ade362e94c5ec69d8155a3e0aef9c48694 = 923ce99b3fe3bd19cdbbc8445d59858f27a286d4 ']'
+ '[' d78157ade362e94c5ec69d8155a3e0aef9c48694 = 923ce99b3fe3bd19cdbbc8445d59858f27a286d4 ']'
+ '[' 923ce99b3fe3bd19cdbbc8445d59858f27a286d4 = 923ce99b3fe3bd19cdbbc8445d59858f27a286d4 ']'
+ echo 'Ahead → push'
Ahead → push
+ git push origin master
To github.com:Flight2Moon/Flight2Moon.github.io.git
   923ce99b..d78157ad  master -> master
++ date -Is
+ echo '=== 2025-11-10T16:16:51+09:00 auto-sync done ==='
=== 2025-11-10T16:16:51+09:00 auto-sync done ===
++ date -Is
+ echo '=== 2025-11-10T16:20:11+09:00 auto-sync start ==='
=== 2025-11-10T16:20:11+09:00 auto-sync start ===
+ cd /home/jihoney/workdir/assist_workdir/github_blog/Flight2Moon.github.io
+ git config pull.rebase true
+ git config rebase.autoStash true
+ git fetch --all --prune
Fetching origin
+ git diff --quiet
+ git add -A
++ date -Is
+ git commit -m 'chore: auto-sync 2025-11-10T16:20:13+09:00'
[master f2282db6] chore: auto-sync 2025-11-10T16:20:13+09:00
 1 file changed, 33 insertions(+)
+ git rev-parse --verify --quiet 'master@{upstream}'
++ git rev-parse master
+ LOCAL=f2282db63b6176d1c7b521b58011531ec7a8f5b2
++ git rev-parse 'master@{upstream}'
+ REMOTE=d78157ade362e94c5ec69d8155a3e0aef9c48694
++ git merge-base master 'master@{upstream}'
+ BASE=d78157ade362e94c5ec69d8155a3e0aef9c48694
+ '[' -n d78157ade362e94c5ec69d8155a3e0aef9c48694 ']'
+ '[' f2282db63b6176d1c7b521b58011531ec7a8f5b2 = d78157ade362e94c5ec69d8155a3e0aef9c48694 ']'
+ '[' f2282db63b6176d1c7b521b58011531ec7a8f5b2 = d78157ade362e94c5ec69d8155a3e0aef9c48694 ']'
+ '[' d78157ade362e94c5ec69d8155a3e0aef9c48694 = d78157ade362e94c5ec69d8155a3e0aef9c48694 ']'
+ echo 'Ahead → push'
Ahead → push
+ git push origin master
To github.com:Flight2Moon/Flight2Moon.github.io.git
   d78157ad..f2282db6  master -> master
++ date -Is
+ echo '=== 2025-11-10T16:20:15+09:00 auto-sync done ==='
=== 2025-11-10T16:20:15+09:00 auto-sync done ===
